c:\users\typeb\documents\visual studio 2015\projects\sims\sims_c\debug\sims_c.pch
c:\users\typeb\documents\visual studio 2015\projects\sims\sims_c\debug\vc140.pdb
c:\users\typeb\documents\visual studio 2015\projects\sims\sims_c\debug\vc140.idb
c:\users\typeb\documents\visual studio 2015\projects\sims\sims_c\debug\stdafx.obj
c:\users\typeb\documents\visual studio 2015\projects\sims\sims_c\debug\sims_c.obj
d:\myprojects\sims\sims_c\debug\sims_c.pch
d:\myprojects\sims\sims_c\debug\vc140.pdb
d:\myprojects\sims\sims_c\debug\vc140.idb
d:\myprojects\sims\sims_c\debug\stdafx.obj
d:\myprojects\sims\sims_c\debug\sims_c.obj
c:\users\typeb\documents\visual studio 2015\projects\sims\debug\sims_c.ilk
c:\users\typeb\documents\visual studio 2015\projects\sims\debug\sims_c.exe
c:\users\typeb\documents\visual studio 2015\projects\sims\debug\sims_c.pdb
c:\users\typeb\documents\visual studio 2015\projects\sims\sims_c\debug\sims_c.res
d:\myprojects\sims\sims_c\debug\sims_c.res
d:\myprojects\sims\debug\sims_c.pdb
d:\myprojects\sims\sims_c\debug\sims_c.tlog\cl.command.1.tlog
d:\myprojects\sims\sims_c\debug\sims_c.tlog\cl.read.1.tlog
d:\myprojects\sims\sims_c\debug\sims_c.tlog\cl.write.1.tlog
d:\myprojects\sims\sims_c\debug\sims_c.tlog\link-cvtres.read.1.tlog
d:\myprojects\sims\sims_c\debug\sims_c.tlog\link-cvtres.write.1.tlog
d:\myprojects\sims\sims_c\debug\sims_c.tlog\link-rc.read.1.tlog
d:\myprojects\sims\sims_c\debug\sims_c.tlog\link-rc.write.1.tlog
d:\myprojects\sims\sims_c\debug\sims_c.tlog\link.command.1.tlog
d:\myprojects\sims\sims_c\debug\sims_c.tlog\link.read.1.tlog
d:\myprojects\sims\sims_c\debug\sims_c.tlog\link.write.1.tlog
d:\myprojects\sims\sims_c\debug\sims_c.tlog\rc.command.1.tlog
d:\myprojects\sims\sims_c\debug\sims_c.tlog\rc.read.1.tlog
d:\myprojects\sims\sims_c\debug\sims_c.tlog\rc.write.1.tlog
